
> exam_management@0.1.0 dev
> next dev -H 0.0.0.0 -p 3000 -H 0.0.0.0 -p 3000

▲ Next.js 16.1.1 (Turbopack)
- Local:         http://localhost:3000
- Network:       http://0.0.0.0:3000
- Environments: .env.local

✓ Starting...
✓ Ready in 3.2s
⚠ Cross origin request detected from devwiz to /_next/* resource. In a future major version of Next.js, you will need to explicitly configure "allowedDevOrigins" in next.config to allow this.
Read more: https://nextjs.org/docs/app/api-reference/config/next-config-js/allowedDevOrigins
○ Compiling /dashboard/students/[dept]/[level] ...
 GET /api/health 200 in 1862ms (compile: 1122ms, render: 740ms)
 GET /dashboard/students/3/ND1 200 in 9.7s (compile: 8.4s, render: 1291ms)
 GET /api/students?department_id=3&level=ND1 200 in 490ms (compile: 418ms, render: 72ms)
 GET /api/departments 200 in 499ms (compile: 471ms, render: 28ms)
 GET /dashboard/students/3/ND1 200 in 257ms (compile: 21ms, render: 236ms)
 GET /api/students?department_id=3&level=ND1 200 in 50ms (compile: 15ms, render: 35ms)
 GET /api/departments 200 in 60ms (compile: 34ms, render: 26ms)
 GET /dashboard/students/3/ND1 200 in 160ms (compile: 18ms, render: 142ms)
 GET /api/departments 200 in 23ms (compile: 10ms, render: 14ms)
 GET /api/students?department_id=3&level=ND1 200 in 21ms (compile: 9ms, render: 13ms)
^C